{"C:\\Users\\giuse\\OneDrive\\Desktop\\projet-ia-for-ia\\js\\app.js": {"path":"C:\\Users\\giuse\\OneDrive\\Desktop\\projet-ia-for-ia\\js\\app.js","statementMap":{"0":{"start":{"line":1,"column":0},"end":{"line":180,"column":3}},"1":{"start":{"line":2,"column":4},"end":{"line":2,"column":22}},"2":{"start":{"line":3,"column":24},"end":{"line":3,"column":62}},"3":{"start":{"line":4,"column":20},"end":{"line":4,"column":54}},"4":{"start":{"line":5,"column":20},"end":{"line":5,"column":49}},"5":{"start":{"line":6,"column":22},"end":{"line":6,"column":58}},"6":{"start":{"line":7,"column":27},"end":{"line":7,"column":68}},"7":{"start":{"line":12,"column":20},"end":{"line":12,"column":57}},"8":{"start":{"line":13,"column":20},"end":{"line":13,"column":63}},"9":{"start":{"line":15,"column":20},"end":{"line":15,"column":25}},"10":{"start":{"line":16,"column":30},"end":{"line":16,"column":32}},"11":{"start":{"line":19,"column":25},"end":{"line":45,"column":5}},"12":{"start":{"line":20,"column":8},"end":{"line":44,"column":9}},"13":{"start":{"line":21,"column":29},"end":{"line":33,"column":14}},"14":{"start":{"line":35,"column":12},"end":{"line":37,"column":13}},"15":{"start":{"line":36,"column":16},"end":{"line":36,"column":66}},"16":{"start":{"line":39,"column":25},"end":{"line":39,"column":46}},"17":{"start":{"line":40,"column":12},"end":{"line":40,"column":51}},"18":{"start":{"line":42,"column":12},"end":{"line":42,"column":69}},"19":{"start":{"line":43,"column":12},"end":{"line":43,"column":24}},"20":{"start":{"line":48,"column":30},"end":{"line":71,"column":5}},"21":{"start":{"line":49,"column":23},"end":{"line":49,"column":52}},"22":{"start":{"line":50,"column":8},"end":{"line":50,"column":43}},"23":{"start":{"line":51,"column":8},"end":{"line":51,"column":38}},"24":{"start":{"line":52,"column":8},"end":{"line":52,"column":42}},"25":{"start":{"line":53,"column":8},"end":{"line":53,"column":38}},"26":{"start":{"line":56,"column":8},"end":{"line":66,"column":9}},"27":{"start":{"line":57,"column":12},"end":{"line":57,"column":53}},"28":{"start":{"line":58,"column":12},"end":{"line":58,"column":58}},"29":{"start":{"line":59,"column":12},"end":{"line":59,"column":42}},"30":{"start":{"line":60,"column":12},"end":{"line":60,"column":69}},"31":{"start":{"line":62,"column":12},"end":{"line":62,"column":53}},"32":{"start":{"line":63,"column":12},"end":{"line":63,"column":58}},"33":{"start":{"line":64,"column":12},"end":{"line":64,"column":45}},"34":{"start":{"line":65,"column":12},"end":{"line":65,"column":71}},"35":{"start":{"line":68,"column":8},"end":{"line":68,"column":43}},"36":{"start":{"line":70,"column":8},"end":{"line":70,"column":63}},"37":{"start":{"line":74,"column":29},"end":{"line":109,"column":5}},"38":{"start":{"line":75,"column":8},"end":{"line":75,"column":31}},"39":{"start":{"line":75,"column":24},"end":{"line":75,"column":31}},"40":{"start":{"line":79,"column":26},"end":{"line":79,"column":52}},"41":{"start":{"line":80,"column":31},"end":{"line":80,"column":72}},"42":{"start":{"line":85,"column":8},"end":{"line":108,"column":9}},"43":{"start":{"line":86,"column":26},"end":{"line":86,"column":65}},"44":{"start":{"line":88,"column":12},"end":{"line":103,"column":13}},"45":{"start":{"line":90,"column":16},"end":{"line":90,"column":57}},"46":{"start":{"line":93,"column":16},"end":{"line":93,"column":80}},"47":{"start":{"line":96,"column":16},"end":{"line":96,"column":60}},"48":{"start":{"line":96,"column":39},"end":{"line":96,"column":58}},"49":{"start":{"line":99,"column":16},"end":{"line":99,"column":50}},"50":{"start":{"line":99,"column":31},"end":{"line":99,"column":50}},"51":{"start":{"line":101,"column":16},"end":{"line":101,"column":94}},"52":{"start":{"line":102,"column":16},"end":{"line":102,"column":30}},"53":{"start":{"line":106,"column":12},"end":{"line":106,"column":29}},"54":{"start":{"line":107,"column":12},"end":{"line":107,"column":26}},"55":{"start":{"line":111,"column":24},"end":{"line":117,"column":5}},"56":{"start":{"line":112,"column":8},"end":{"line":112,"column":26}},"57":{"start":{"line":113,"column":8},"end":{"line":113,"column":33}},"58":{"start":{"line":114,"column":8},"end":{"line":114,"column":48}},"59":{"start":{"line":115,"column":8},"end":{"line":115,"column":41}},"60":{"start":{"line":116,"column":8},"end":{"line":116,"column":41}},"61":{"start":{"line":120,"column":4},"end":{"line":172,"column":7}},"62":{"start":{"line":121,"column":8},"end":{"line":121,"column":26}},"63":{"start":{"line":122,"column":21},"end":{"line":122,"column":45}},"64":{"start":{"line":125,"column":8},"end":{"line":128,"column":9}},"65":{"start":{"line":126,"column":12},"end":{"line":126,"column":26}},"66":{"start":{"line":127,"column":12},"end":{"line":127,"column":19}},"67":{"start":{"line":131,"column":8},"end":{"line":136,"column":9}},"68":{"start":{"line":132,"column":12},"end":{"line":132,"column":32}},"69":{"start":{"line":133,"column":12},"end":{"line":133,"column":54}},"70":{"start":{"line":134,"column":12},"end":{"line":134,"column":71}},"71":{"start":{"line":134,"column":29},"end":{"line":134,"column":63}},"72":{"start":{"line":135,"column":12},"end":{"line":135,"column":19}},"73":{"start":{"line":139,"column":8},"end":{"line":139,"column":25}},"74":{"start":{"line":141,"column":8},"end":{"line":141,"column":49}},"75":{"start":{"line":142,"column":8},"end":{"line":142,"column":42}},"76":{"start":{"line":145,"column":8},"end":{"line":145,"column":38}},"77":{"start":{"line":146,"column":8},"end":{"line":146,"column":47}},"78":{"start":{"line":150,"column":29},"end":{"line":161,"column":9}},"79":{"start":{"line":163,"column":8},"end":{"line":165,"column":10}},"80":{"start":{"line":168,"column":8},"end":{"line":168,"column":57}},"81":{"start":{"line":171,"column":8},"end":{"line":171,"column":27}},"82":{"start":{"line":175,"column":4},"end":{"line":179,"column":7}},"83":{"start":{"line":176,"column":8},"end":{"line":178,"column":9}},"84":{"start":{"line":177,"column":12},"end":{"line":177,"column":28}}},"fnMap":{"0":{"name":"(anonymous_0)","decl":{"start":{"line":1,"column":46},"end":{"line":1,"column":47}},"loc":{"start":{"line":1,"column":53},"end":{"line":180,"column":1}},"line":1},"1":{"name":"(anonymous_1)","decl":{"start":{"line":19,"column":25},"end":{"line":19,"column":26}},"loc":{"start":{"line":19,"column":45},"end":{"line":45,"column":5}},"line":19},"2":{"name":"(anonymous_2)","decl":{"start":{"line":48,"column":30},"end":{"line":48,"column":31}},"loc":{"start":{"line":48,"column":49},"end":{"line":71,"column":5}},"line":48},"3":{"name":"(anonymous_3)","decl":{"start":{"line":74,"column":29},"end":{"line":74,"column":30}},"loc":{"start":{"line":74,"column":41},"end":{"line":109,"column":5}},"line":74},"4":{"name":"(anonymous_4)","decl":{"start":{"line":96,"column":34},"end":{"line":96,"column":35}},"loc":{"start":{"line":96,"column":39},"end":{"line":96,"column":58}},"line":96},"5":{"name":"(anonymous_5)","decl":{"start":{"line":111,"column":24},"end":{"line":111,"column":25}},"loc":{"start":{"line":111,"column":30},"end":{"line":117,"column":5}},"line":111},"6":{"name":"(anonymous_6)","decl":{"start":{"line":120,"column":38},"end":{"line":120,"column":39}},"loc":{"start":{"line":120,"column":51},"end":{"line":172,"column":5}},"line":120},"7":{"name":"(anonymous_7)","decl":{"start":{"line":134,"column":23},"end":{"line":134,"column":24}},"loc":{"start":{"line":134,"column":29},"end":{"line":134,"column":63}},"line":134},"8":{"name":"(anonymous_8)","decl":{"start":{"line":175,"column":44},"end":{"line":175,"column":45}},"loc":{"start":{"line":175,"column":51},"end":{"line":179,"column":5}},"line":175}},"branchMap":{"0":{"loc":{"start":{"line":35,"column":12},"end":{"line":37,"column":13}},"type":"if","locations":[{"start":{"line":35,"column":12},"end":{"line":37,"column":13}},{"start":{},"end":{}}],"line":35},"1":{"loc":{"start":{"line":56,"column":8},"end":{"line":66,"column":9}},"type":"if","locations":[{"start":{"line":56,"column":8},"end":{"line":66,"column":9}},{"start":{"line":61,"column":15},"end":{"line":66,"column":9}}],"line":56},"2":{"loc":{"start":{"line":75,"column":8},"end":{"line":75,"column":31}},"type":"if","locations":[{"start":{"line":75,"column":8},"end":{"line":75,"column":31}},{"start":{},"end":{}}],"line":75},"3":{"loc":{"start":{"line":80,"column":31},"end":{"line":80,"column":72}},"type":"cond-expr","locations":[{"start":{"line":80,"column":55},"end":{"line":80,"column":61}},{"start":{"line":80,"column":64},"end":{"line":80,"column":72}}],"line":80},"4":{"loc":{"start":{"line":88,"column":12},"end":{"line":103,"column":13}},"type":"if","locations":[{"start":{"line":88,"column":12},"end":{"line":103,"column":13}},{"start":{"line":100,"column":19},"end":{"line":103,"column":13}}],"line":88},"5":{"loc":{"start":{"line":99,"column":16},"end":{"line":99,"column":50}},"type":"if","locations":[{"start":{"line":99,"column":16},"end":{"line":99,"column":50}},{"start":{},"end":{}}],"line":99},"6":{"loc":{"start":{"line":125,"column":8},"end":{"line":128,"column":9}},"type":"if","locations":[{"start":{"line":125,"column":8},"end":{"line":128,"column":9}},{"start":{},"end":{}}],"line":125},"7":{"loc":{"start":{"line":131,"column":8},"end":{"line":136,"column":9}},"type":"if","locations":[{"start":{"line":131,"column":8},"end":{"line":136,"column":9}},{"start":{},"end":{}}],"line":131},"8":{"loc":{"start":{"line":176,"column":8},"end":{"line":178,"column":9}},"type":"if","locations":[{"start":{"line":176,"column":8},"end":{"line":178,"column":9}},{"start":{},"end":{}}],"line":176},"9":{"loc":{"start":{"line":176,"column":12},"end":{"line":176,"column":42}},"type":"binary-expr","locations":[{"start":{"line":176,"column":12},"end":{"line":176,"column":21}},{"start":{"line":176,"column":25},"end":{"line":176,"column":42}}],"line":176}},"s":{"0":0,"1":0,"2":0,"3":0,"4":0,"5":0,"6":0,"7":0,"8":0,"9":0,"10":0,"11":0,"12":0,"13":0,"14":0,"15":0,"16":0,"17":0,"18":0,"19":0,"20":0,"21":0,"22":0,"23":0,"24":0,"25":0,"26":0,"27":0,"28":0,"29":0,"30":0,"31":0,"32":0,"33":0,"34":0,"35":0,"36":0,"37":0,"38":0,"39":0,"40":0,"41":0,"42":0,"43":0,"44":0,"45":0,"46":0,"47":0,"48":0,"49":0,"50":0,"51":0,"52":0,"53":0,"54":0,"55":0,"56":0,"57":0,"58":0,"59":0,"60":0,"61":0,"62":0,"63":0,"64":0,"65":0,"66":0,"67":0,"68":0,"69":0,"70":0,"71":0,"72":0,"73":0,"74":0,"75":0,"76":0,"77":0,"78":0,"79":0,"80":0,"81":0,"82":0,"83":0,"84":0},"f":{"0":0,"1":0,"2":0,"3":0,"4":0,"5":0,"6":0,"7":0,"8":0},"b":{"0":[0,0],"1":[0,0],"2":[0,0],"3":[0,0],"4":[0,0],"5":[0,0],"6":[0,0],"7":[0,0],"8":[0,0],"9":[0,0]}}
}
